<html>
<head>
<title>TestNG:  Surefire test</title>
<link href="../testng.css" rel="stylesheet" type="text/css" />
<link href="../my-testng.css" rel="stylesheet" type="text/css" />

<style type="text/css">
.log { display: none;} 
.stack-trace { display: none;} 
</style>
<script type="text/javascript">
<!--
function flip(e) {
  current = e.style.display;
  if (current == 'block') {
    e.style.display = 'none';
    return 0;
  }
  else {
    e.style.display = 'block';
    return 1;
  }
}

function toggleBox(szDivId, elem, msg1, msg2)
{
  var res = -1;  if (document.getElementById) {
    res = flip(document.getElementById(szDivId));
  }
  else if (document.all) {
    // this is the way old msie versions work
    res = flip(document.all[szDivId]);
  }
  if(elem) {
    if(res == 0) elem.innerHTML = msg1; else elem.innerHTML = msg2;
  }

}

function toggleAllBoxes() {
  if (document.getElementsByTagName) {
    d = document.getElementsByTagName('div');
    for (i = 0; i < d.length; i++) {
      if (d[i].className == 'log') {
        flip(d[i]);
      }
    }
  }
}

// -->
</script>

</head>
<body>
<h2 align='center'>Surefire test</h2><table border='1' align="center">
<tr>
<td>Tests passed/Failed/Skipped:</td><td>24/1/0</td>
</tr><tr>
<td>Started on:</td><td>Sat Aug 13 07:24:11 EDT 2022</td>
</tr>
<tr><td>Total time:</td><td>23 seconds (23078 ms)</td>
</tr><tr>
<td>Included groups:</td><td></td>
</tr><tr>
<td>Excluded groups:</td><td></td>
</tr>
</table><p/>
<small><i>(Hover the method name to see the test class name)</i></small><p/>
<table width='100%' border='1' class='invocation-failed'>
<tr><td colspan='4' align='center'><b>FAILED TESTS</b></td></tr>
<tr><td><b>Test method</b></td>
<td><b>Attribute(s)</b></td>
<td width="30%"><b>Exception</b></td>
<td width="10%"><b>Time (seconds)</b></td>
<td><b>Instance</b></td>
</tr>
<tr>
<td title='admin.AdminEditProductTest.validateSuccessMessageTest()'><b>validateSuccessMessageTest</b><br>Test class: admin.AdminEditProductTest</td>
<td><div><pre>org.openqa.selenium.ElementClickInterceptedException: element click intercepted: Element is not clickable at point (302, 744)
  (Session info: headless chrome=104.0.5112.79)
Build info: version: &apos;4.3.0&apos;, revision: &apos;a4995e2c09*&apos;
System info: host: &apos;fedora&apos;, ip: &apos;192.168.1.37&apos;, os.name: &apos;Linux&apos;, os.arch: &apos;amd64&apos;, os.version: &apos;5.18.13-200.fc36.x86_64&apos;, java.version: &apos;17.0.4&apos;
Driver info: org.openqa.selenium.chrome.ChromeDriver
Command: [1a8e89a1aed6cc5db43b8b54c0b1a85a, clickElement {id=201e6381-03c0-47c0-a508-efc3cc879865}]
Capabilities {acceptInsecureCerts: false, browserName: chrome, browserVersion: 104.0.5112.79, chrome: {chromedriverVersion: 104.0.5112.79 (3cf3e8c8a07d..., userDataDir: /tmp/.com.google.Chrome.gSvfnL}, goog:chromeOptions: {debuggerAddress: localhost:43873}, networkConnectionEnabled: false, pageLoadStrategy: normal, platformName: LINUX, proxy: Proxy(), se:cdp: ws://localhost:43873/devtoo..., se:cdpVersion: 104.0.5112.79, setWindowRect: true, strictFileInteractability: false, timeouts: {implicit: 0, pageLoad: 300000, script: 30000}, unhandledPromptBehavior: dismiss and notify, webauthn:extension:credBlob: true, webauthn:extension:largeBlob: true, webauthn:virtualAuthenticators: true}
Element: [[ChromeDriver: chrome on LINUX (1a8e89a1aed6cc5db43b8b54c0b1a85a)] -&gt; id: prod-submit-btn]
Session ID: 1a8e89a1aed6cc5db43b8b54c0b1a85a
	at org.openqa.selenium.remote.codec.w3c.W3CHttpResponseCodec.createException(W3CHttpResponseCodec.java:200)
	at org.openqa.selenium.remote.codec.w3c.W3CHttpResponseCodec.decode(W3CHttpResponseCodec.java:133)
	at org.openqa.selenium.remote.codec.w3c.W3CHttpResponseCodec.decode(W3CHttpResponseCodec.java:53)
	at org.openqa.selenium.remote.HttpCommandExecutor.execute(HttpCommandExecutor.java:184)
	at org.openqa.selenium.remote.service.DriverCommandExecutor.invokeExecute(DriverCommandExecutor.java:167)
	at org.openqa.selenium.remote.service.DriverCommandExecutor.execute(DriverCommandExecutor.java:142)
	at org.openqa.selenium.remote.RemoteWebDriver.execute(RemoteWebDriver.java:569)
	at org.openqa.selenium.remote.RemoteWebElement.execute(RemoteWebElement.java:257)
	at org.openqa.selenium.remote.RemoteWebElement.click(RemoteWebElement.java:78)
	at admin.AdminEditProductTest.validateSuccessMessageTest(AdminEditProductTest.java:72)
	at java.base/java.util.ArrayList.forEach(ArrayList.java:1511)
... Removed 36 stack frames</pre></div><a href='#' onClick='toggleBox("stack-trace1043882455", this, "Click to show all stack frames", "Click to hide stack frames")'>Click to show all stack frames</a>
<div class='stack-trace' id='stack-trace1043882455'><pre>org.openqa.selenium.ElementClickInterceptedException: element click intercepted: Element is not clickable at point (302, 744)
  (Session info: headless chrome=104.0.5112.79)
Build info: version: &apos;4.3.0&apos;, revision: &apos;a4995e2c09*&apos;
System info: host: &apos;fedora&apos;, ip: &apos;192.168.1.37&apos;, os.name: &apos;Linux&apos;, os.arch: &apos;amd64&apos;, os.version: &apos;5.18.13-200.fc36.x86_64&apos;, java.version: &apos;17.0.4&apos;
Driver info: org.openqa.selenium.chrome.ChromeDriver
Command: [1a8e89a1aed6cc5db43b8b54c0b1a85a, clickElement {id=201e6381-03c0-47c0-a508-efc3cc879865}]
Capabilities {acceptInsecureCerts: false, browserName: chrome, browserVersion: 104.0.5112.79, chrome: {chromedriverVersion: 104.0.5112.79 (3cf3e8c8a07d..., userDataDir: /tmp/.com.google.Chrome.gSvfnL}, goog:chromeOptions: {debuggerAddress: localhost:43873}, networkConnectionEnabled: false, pageLoadStrategy: normal, platformName: LINUX, proxy: Proxy(), se:cdp: ws://localhost:43873/devtoo..., se:cdpVersion: 104.0.5112.79, setWindowRect: true, strictFileInteractability: false, timeouts: {implicit: 0, pageLoad: 300000, script: 30000}, unhandledPromptBehavior: dismiss and notify, webauthn:extension:credBlob: true, webauthn:extension:largeBlob: true, webauthn:virtualAuthenticators: true}
Element: [[ChromeDriver: chrome on LINUX (1a8e89a1aed6cc5db43b8b54c0b1a85a)] -&gt; id: prod-submit-btn]
Session ID: 1a8e89a1aed6cc5db43b8b54c0b1a85a
	at java.base/jdk.internal.reflect.NativeConstructorAccessorImpl.newInstance0(Native Method)
	at java.base/jdk.internal.reflect.NativeConstructorAccessorImpl.newInstance(NativeConstructorAccessorImpl.java:77)
	at java.base/jdk.internal.reflect.DelegatingConstructorAccessorImpl.newInstance(DelegatingConstructorAccessorImpl.java:45)
	at java.base/java.lang.reflect.Constructor.newInstanceWithCaller(Constructor.java:499)
	at java.base/java.lang.reflect.Constructor.newInstance(Constructor.java:480)
	at org.openqa.selenium.remote.codec.w3c.W3CHttpResponseCodec.createException(W3CHttpResponseCodec.java:200)
	at org.openqa.selenium.remote.codec.w3c.W3CHttpResponseCodec.decode(W3CHttpResponseCodec.java:133)
	at org.openqa.selenium.remote.codec.w3c.W3CHttpResponseCodec.decode(W3CHttpResponseCodec.java:53)
	at org.openqa.selenium.remote.HttpCommandExecutor.execute(HttpCommandExecutor.java:184)
	at org.openqa.selenium.remote.service.DriverCommandExecutor.invokeExecute(DriverCommandExecutor.java:167)
	at org.openqa.selenium.remote.service.DriverCommandExecutor.execute(DriverCommandExecutor.java:142)
	at org.openqa.selenium.remote.RemoteWebDriver.execute(RemoteWebDriver.java:569)
	at org.openqa.selenium.remote.RemoteWebElement.execute(RemoteWebElement.java:257)
	at org.openqa.selenium.remote.RemoteWebElement.click(RemoteWebElement.java:78)
	at admin.AdminEditProductTest.validateSuccessMessageTest(AdminEditProductTest.java:72)
	at java.base/jdk.internal.reflect.NativeMethodAccessorImpl.invoke0(Native Method)
	at java.base/jdk.internal.reflect.NativeMethodAccessorImpl.invoke(NativeMethodAccessorImpl.java:77)
	at java.base/jdk.internal.reflect.DelegatingMethodAccessorImpl.invoke(DelegatingMethodAccessorImpl.java:43)
	at java.base/java.lang.reflect.Method.invoke(Method.java:568)
	at org.testng.internal.invokers.MethodInvocationHelper.invokeMethod(MethodInvocationHelper.java:139)
	at org.testng.internal.invokers.TestInvoker.invokeMethod(TestInvoker.java:677)
	at org.testng.internal.invokers.TestInvoker.invokeTestMethod(TestInvoker.java:221)
	at org.testng.internal.invokers.MethodRunner.runInSequence(MethodRunner.java:50)
	at org.testng.internal.invokers.TestInvoker$MethodInvocationAgent.invoke(TestInvoker.java:962)
	at org.testng.internal.invokers.TestInvoker.invokeTestMethods(TestInvoker.java:194)
	at org.testng.internal.invokers.TestMethodWorker.invokeTestMethods(TestMethodWorker.java:148)
	at org.testng.internal.invokers.TestMethodWorker.run(TestMethodWorker.java:128)
	at java.base/java.util.ArrayList.forEach(ArrayList.java:1511)
	at org.testng.TestRunner.privateRun(TestRunner.java:806)
	at org.testng.TestRunner.run(TestRunner.java:601)
	at org.testng.SuiteRunner.runTest(SuiteRunner.java:433)
	at org.testng.SuiteRunner.runSequentially(SuiteRunner.java:427)
	at org.testng.SuiteRunner.privateRun(SuiteRunner.java:387)
	at org.testng.SuiteRunner.run(SuiteRunner.java:330)
	at org.testng.SuiteRunnerWorker.runSuite(SuiteRunnerWorker.java:52)
	at org.testng.SuiteRunnerWorker.run(SuiteRunnerWorker.java:95)
	at org.testng.TestNG.runSuitesSequentially(TestNG.java:1256)
	at org.testng.TestNG.runSuitesLocally(TestNG.java:1176)
	at org.testng.TestNG.runSuites(TestNG.java:1099)
	at org.testng.TestNG.run(TestNG.java:1067)
	at org.apache.maven.surefire.testng.TestNGExecutor.run(TestNGExecutor.java:132)
	at org.apache.maven.surefire.testng.TestNGDirectoryTestSuite.executeMulti(TestNGDirectoryTestSuite.java:193)
	at org.apache.maven.surefire.testng.TestNGDirectoryTestSuite.execute(TestNGDirectoryTestSuite.java:94)
	at org.apache.maven.surefire.testng.TestNGProvider.invoke(TestNGProvider.java:147)
	at org.apache.maven.surefire.booter.ForkedBooter.invokeProviderInSameClassLoader(ForkedBooter.java:290)
	at org.apache.maven.surefire.booter.ForkedBooter.runSuitesInProcess(ForkedBooter.java:242)
	at org.apache.maven.surefire.booter.ForkedBooter.main(ForkedBooter.java:121)
</pre></div></td>
<td>1</td>
<td>admin.AdminEditProductTest@710b30ef</td></tr>
</table><p>
<table width='100%' border='1' class='invocation-passed'>
<tr><td colspan='4' align='center'><b>PASSED TESTS</b></td></tr>
<tr><td><b>Test method</b></td>
<td><b>Attribute(s)</b></td>
<td width="30%"><b>Exception</b></td>
<td width="10%"><b>Time (seconds)</b></td>
<td><b>Instance</b></td>
</tr>
<tr>
<td title='admin.AdminTest.EditBtnTest()'><b>EditBtnTest</b><br>Test class: admin.AdminTest</td>
<td></td>
<td>0</td>
<td>admin.AdminTest@c68a5f8</td></tr>
<tr>
<td title='admin.AdminEditProductTest.validateFormTest()'><b>validateFormTest</b><br>Test class: admin.AdminEditProductTest</td>
<td></td>
<td>0</td>
<td>admin.AdminEditProductTest@710b30ef</td></tr>
<tr>
<td title='admin.AdminTest.validatePriceTest()'><b>validatePriceTest</b><br>Test class: admin.AdminTest</td>
<td></td>
<td>0</td>
<td>admin.AdminTest@c68a5f8</td></tr>
<tr>
<td title='shop.ShopTest.buttonNotLoginTest()'><b>buttonNotLoginTest</b><br>Test class: shop.ShopTest</td>
<td></td>
<td>0</td>
<td>shop.ShopTest@540b0448</td></tr>
<tr>
<td title='shop.ShopTest.validatePageTitleTest()'><b>validatePageTitleTest</b><br>Test class: shop.ShopTest</td>
<td></td>
<td>0</td>
<td>shop.ShopTest@540b0448</td></tr>
<tr>
<td title='login.RegistrationTest.disableBtnTest()'><b>disableBtnTest</b><br>Test class: login.RegistrationTest</td>
<td></td>
<td>0</td>
<td>login.RegistrationTest@9d1a267</td></tr>
<tr>
<td title='admin.AdminEditProductTest.testProductId()'><b>testProductId</b><br>Test class: admin.AdminEditProductTest</td>
<td></td>
<td>0</td>
<td>admin.AdminEditProductTest@710b30ef</td></tr>
<tr>
<td title='login.RegistrationTest.validatePageTitleTest()'><b>validatePageTitleTest</b><br>Test class: login.RegistrationTest</td>
<td></td>
<td>0</td>
<td>login.RegistrationTest@9d1a267</td></tr>
<tr>
<td title='shop.ShopTest.categoryTest()'><b>categoryTest</b><br>Test class: shop.ShopTest</td>
<td></td>
<td>1</td>
<td>shop.ShopTest@540b0448</td></tr>
<tr>
<td title='shop.ShopTest.buttonTest()'><b>buttonTest</b><br>Test class: shop.ShopTest</td>
<td></td>
<td>0</td>
<td>shop.ShopTest@540b0448</td></tr>
<tr>
<td title='login.RegistrationTest.ExistingUserTest()'><b>ExistingUserTest</b><br>Test class: login.RegistrationTest</td>
<td></td>
<td>1</td>
<td>login.RegistrationTest@9d1a267</td></tr>
<tr>
<td title='admin.AdminTest.validateHeadersTest()'><b>validateHeadersTest</b><br>Test class: admin.AdminTest</td>
<td></td>
<td>0</td>
<td>admin.AdminTest@c68a5f8</td></tr>
<tr>
<td title='login.RegistrationTest.InvalidPasswodTest()'><b>InvalidPasswodTest</b><br>Test class: login.RegistrationTest</td>
<td></td>
<td>0</td>
<td>login.RegistrationTest@9d1a267</td></tr>
<tr>
<td title='admin.AdminTest.validatePageTitleTest()'><b>validatePageTitleTest</b><br>Test class: admin.AdminTest</td>
<td></td>
<td>0</td>
<td>admin.AdminTest@c68a5f8</td></tr>
<tr>
<td title='login.RegistrationTest.ValidRegistrationTest()'><b>ValidRegistrationTest</b><br>Test class: login.RegistrationTest</td>
<td></td>
<td>6</td>
<td>login.RegistrationTest@9d1a267</td></tr>
<tr>
<td title='shop.ShopTest.prodBuyBtnNotLoginTest()'><b>prodBuyBtnNotLoginTest</b><br>Test class: shop.ShopTest</td>
<td></td>
<td>0</td>
<td>shop.ShopTest@540b0448</td></tr>
<tr>
<td title='login.LoginTest.badLoginTest()'><b>badLoginTest</b><br>Test class: login.LoginTest</td>
<td></td>
<td>1</td>
<td>login.LoginTest@1542af63</td></tr>
<tr>
<td title='admin.AdminEditProductTest.validatePageTitleTest()'><b>validatePageTitleTest</b><br>Test class: admin.AdminEditProductTest</td>
<td></td>
<td>0</td>
<td>admin.AdminEditProductTest@710b30ef</td></tr>
<tr>
<td title='login.LoginTest.testEmptyPassword()'><b>testEmptyPassword</b><br>Test class: login.LoginTest</td>
<td></td>
<td>0</td>
<td>login.LoginTest@1542af63</td></tr>
<tr>
<td title='login.LoginTest.testEmptyUsername()'><b>testEmptyUsername</b><br>Test class: login.LoginTest</td>
<td></td>
<td>0</td>
<td>login.LoginTest@1542af63</td></tr>
<tr>
<td title='shop.ShopTest.productListTest()'><b>productListTest</b><br>Test class: shop.ShopTest</td>
<td></td>
<td>0</td>
<td>shop.ShopTest@540b0448</td></tr>
<tr>
<td title='login.RegistrationTest.invalidEmailTest()'><b>invalidEmailTest</b><br>Test class: login.RegistrationTest</td>
<td></td>
<td>1</td>
<td>login.RegistrationTest@9d1a267</td></tr>
<tr>
<td title='login.LoginTest.validatePageTitleTest()'><b>validatePageTitleTest</b><br>Test class: login.LoginTest</td>
<td></td>
<td>0</td>
<td>login.LoginTest@1542af63</td></tr>
<tr>
<td title='shop.ShopTest.searchTest()'><b>searchTest</b><br>Test class: shop.ShopTest</td>
<td></td>
<td>0</td>
<td>shop.ShopTest@540b0448</td></tr>
</table><p>
</body>
</html>