<?xml version="1.0" encoding="UTF-8"?>
<!-- Generated by org.testng.reporters.JUnitXMLReporter -->
<testsuite ignored="0" hostname="fedora" failures="1" tests="25" name="Surefire test" time="23.078" errors="0" timestamp="2022-08-13T07:24:34 EDT">
  <testcase classname="admin.AdminEditProductTest" name="testProductId" time="0.806"/>
  <testcase classname="admin.AdminEditProductTest" name="validateFormTest" time="0.676"/>
  <testcase classname="admin.AdminEditProductTest" name="validatePageTitleTest" time="0.19"/>
  <testcase classname="admin.AdminEditProductTest" name="validateSuccessMessageTest" time="1.249">
    <failure type="org.openqa.selenium.ElementClickInterceptedException" message="element click intercepted: Element is not clickable at point (302, 744)
  (Session info: headless chrome=104.0.5112.79)
Build info: version: &amp;apos;4.3.0&amp;apos;, revision: &amp;apos;a4995e2c09*&amp;apos;
System info: host: &amp;apos;fedora&amp;apos;, ip: &amp;apos;192.168.1.37&amp;apos;, os.name: &amp;apos;Linux&amp;apos;, os.arch: &amp;apos;amd64&amp;apos;, os.version: &amp;apos;5.18.13-200.fc36.x86_64&amp;apos;, java.version: &amp;apos;17.0.4&amp;apos;
Driver info: org.openqa.selenium.chrome.ChromeDriver
Command: [1a8e89a1aed6cc5db43b8b54c0b1a85a, clickElement {id=201e6381-03c0-47c0-a508-efc3cc879865}]
Capabilities {acceptInsecureCerts: false, browserName: chrome, browserVersion: 104.0.5112.79, chrome: {chromedriverVersion: 104.0.5112.79 (3cf3e8c8a07d..., userDataDir: /tmp/.com.google.Chrome.gSvfnL}, goog:chromeOptions: {debuggerAddress: localhost:43873}, networkConnectionEnabled: false, pageLoadStrategy: normal, platformName: LINUX, proxy: Proxy(), se:cdp: ws://localhost:43873/devtoo..., se:cdpVersion: 104.0.5112.79, setWindowRect: true, strictFileInteractability: false, timeouts: {implicit: 0, pageLoad: 300000, script: 30000}, unhandledPromptBehavior: dismiss and notify, webauthn:extension:credBlob: true, webauthn:extension:largeBlob: true, webauthn:virtualAuthenticators: true}
Element: [[ChromeDriver: chrome on LINUX (1a8e89a1aed6cc5db43b8b54c0b1a85a)] -&amp;gt; id: prod-submit-btn]
Session ID: 1a8e89a1aed6cc5db43b8b54c0b1a85a">
      <![CDATA[org.openqa.selenium.ElementClickInterceptedException: element click intercepted: Element is not clickable at point (302, 744)
  (Session info: headless chrome=104.0.5112.79)
Build info: version: '4.3.0', revision: 'a4995e2c09*'
System info: host: 'fedora', ip: '192.168.1.37', os.name: 'Linux', os.arch: 'amd64', os.version: '5.18.13-200.fc36.x86_64', java.version: '17.0.4'
Driver info: org.openqa.selenium.chrome.ChromeDriver
Command: [1a8e89a1aed6cc5db43b8b54c0b1a85a, clickElement {id=201e6381-03c0-47c0-a508-efc3cc879865}]
Capabilities {acceptInsecureCerts: false, browserName: chrome, browserVersion: 104.0.5112.79, chrome: {chromedriverVersion: 104.0.5112.79 (3cf3e8c8a07d..., userDataDir: /tmp/.com.google.Chrome.gSvfnL}, goog:chromeOptions: {debuggerAddress: localhost:43873}, networkConnectionEnabled: false, pageLoadStrategy: normal, platformName: LINUX, proxy: Proxy(), se:cdp: ws://localhost:43873/devtoo..., se:cdpVersion: 104.0.5112.79, setWindowRect: true, strictFileInteractability: false, timeouts: {implicit: 0, pageLoad: 300000, script: 30000}, unhandledPromptBehavior: dismiss and notify, webauthn:extension:credBlob: true, webauthn:extension:largeBlob: true, webauthn:virtualAuthenticators: true}
Element: [[ChromeDriver: chrome on LINUX (1a8e89a1aed6cc5db43b8b54c0b1a85a)] -> id: prod-submit-btn]
Session ID: 1a8e89a1aed6cc5db43b8b54c0b1a85a
at org.openqa.selenium.remote.codec.w3c.W3CHttpResponseCodec.createException(W3CHttpResponseCodec.java:200)
at org.openqa.selenium.remote.codec.w3c.W3CHttpResponseCodec.decode(W3CHttpResponseCodec.java:133)
at org.openqa.selenium.remote.codec.w3c.W3CHttpResponseCodec.decode(W3CHttpResponseCodec.java:53)
at org.openqa.selenium.remote.HttpCommandExecutor.execute(HttpCommandExecutor.java:184)
at org.openqa.selenium.remote.service.DriverCommandExecutor.invokeExecute(DriverCommandExecutor.java:167)
at org.openqa.selenium.remote.service.DriverCommandExecutor.execute(DriverCommandExecutor.java:142)
at org.openqa.selenium.remote.RemoteWebDriver.execute(RemoteWebDriver.java:569)
at org.openqa.selenium.remote.RemoteWebElement.execute(RemoteWebElement.java:257)
at org.openqa.selenium.remote.RemoteWebElement.click(RemoteWebElement.java:78)
at admin.AdminEditProductTest.validateSuccessMessageTest(AdminEditProductTest.java:72)
at java.base/java.util.ArrayList.forEach(ArrayList.java:1511)
... Removed 36 stack frames]]>
    </failure>
  </testcase> <!-- validateSuccessMessageTest -->
  <testcase classname="admin.AdminTest" name="EditBtnTest" time="0.881"/>
  <testcase classname="admin.AdminTest" name="validateHeadersTest" time="0.164"/>
  <testcase classname="admin.AdminTest" name="validatePageTitleTest" time="0.146"/>
  <testcase classname="admin.AdminTest" name="validatePriceTest" time="0.399"/>
  <testcase classname="login.LoginTest" name="badLoginTest" time="1.342"/>
  <testcase classname="login.LoginTest" name="testEmptyPassword" time="0.466"/>
  <testcase classname="login.LoginTest" name="testEmptyUsername" time="0.454"/>
  <testcase classname="login.LoginTest" name="validatePageTitleTest" time="0.29"/>
  <testcase classname="login.RegistrationTest" name="ExistingUserTest" time="1.683"/>
  <testcase classname="login.RegistrationTest" name="InvalidPasswodTest" time="0.952"/>
  <testcase classname="login.RegistrationTest" name="ValidRegistrationTest" time="6.077"/>
  <testcase classname="login.RegistrationTest" name="disableBtnTest" time="0.959"/>
  <testcase classname="login.RegistrationTest" name="invalidEmailTest" time="1.065"/>
  <testcase classname="login.RegistrationTest" name="validatePageTitleTest" time="0.148"/>
  <testcase classname="shop.ShopTest" name="buttonNotLoginTest" time="0.943"/>
  <testcase classname="shop.ShopTest" name="buttonTest" time="0.65"/>
  <testcase classname="shop.ShopTest" name="categoryTest" time="1.568"/>
  <testcase classname="shop.ShopTest" name="prodBuyBtnNotLoginTest" time="0.449"/>
  <testcase classname="shop.ShopTest" name="productListTest" time="0.18"/>
  <testcase classname="shop.ShopTest" name="searchTest" time="0.744"/>
  <testcase classname="shop.ShopTest" name="validatePageTitleTest" time="0.19"/>
</testsuite> <!-- Surefire test -->
