<?xml version="1.0" encoding="UTF-8"?>
<testng-results ignored="0" total="25" passed="24" failed="1" skipped="0">
  <reporter-output>
  </reporter-output>
  <suite started-at="2022-08-13T01:45:39 EDT" name="Default suite" finished-at="2022-08-13T01:46:05 EDT" duration-ms="25850">
    <groups>
    </groups>
    <test started-at="2022-08-13T01:45:39 EDT" name="Default test" finished-at="2022-08-13T01:46:05 EDT" duration-ms="25850">
      <class name="admin.AdminTest">
        <test-method signature="EditBtnTest()[pri:0, instance:admin.AdminTest@2a9bc08f]" started-at="2022-08-13T01:45:39 EDT" name="EditBtnTest" finished-at="2022-08-13T01:45:41 EDT" duration-ms="1398" status="PASS">
          <reporter-output>
          </reporter-output>
        </test-method> <!-- EditBtnTest -->
        <test-method signature="validateHeadersTest()[pri:0, instance:admin.AdminTest@2a9bc08f]" started-at="2022-08-13T01:45:41 EDT" name="validateHeadersTest" finished-at="2022-08-13T01:45:41 EDT" duration-ms="148" status="PASS">
          <reporter-output>
          </reporter-output>
        </test-method> <!-- validateHeadersTest -->
        <test-method signature="validatePageTitleTest()[pri:0, instance:admin.AdminTest@2a9bc08f]" started-at="2022-08-13T01:45:41 EDT" name="validatePageTitleTest" finished-at="2022-08-13T01:45:41 EDT" duration-ms="296" status="PASS">
          <reporter-output>
          </reporter-output>
        </test-method> <!-- validatePageTitleTest -->
        <test-method signature="validatePriceTest()[pri:0, instance:admin.AdminTest@2a9bc08f]" started-at="2022-08-13T01:45:41 EDT" name="validatePriceTest" finished-at="2022-08-13T01:45:41 EDT" duration-ms="334" status="PASS">
          <reporter-output>
          </reporter-output>
        </test-method> <!-- validatePriceTest -->
        <test-method is-config="true" signature="close()[pri:0, instance:admin.AdminTest@2a9bc08f]" started-at="2022-08-13T01:46:05 EDT" name="close" finished-at="2022-08-13T01:46:05 EDT" duration-ms="65" status="PASS">
          <reporter-output>
          </reporter-output>
        </test-method> <!-- close -->
      </class> <!-- admin.AdminTest -->
      <class name="shop.ShopTest">
        <test-method signature="buttonNotLoginTest()[pri:0, instance:shop.ShopTest@2babf189]" started-at="2022-08-13T01:45:41 EDT" name="buttonNotLoginTest" finished-at="2022-08-13T01:45:42 EDT" duration-ms="826" status="PASS">
          <reporter-output>
          </reporter-output>
        </test-method> <!-- buttonNotLoginTest -->
        <test-method signature="buttonTest()[pri:0, instance:shop.ShopTest@2babf189]" started-at="2022-08-13T01:45:42 EDT" name="buttonTest" finished-at="2022-08-13T01:45:43 EDT" duration-ms="446" status="PASS">
          <reporter-output>
          </reporter-output>
        </test-method> <!-- buttonTest -->
        <test-method signature="categoryTest()[pri:0, instance:shop.ShopTest@2babf189]" started-at="2022-08-13T01:45:43 EDT" name="categoryTest" finished-at="2022-08-13T01:45:44 EDT" duration-ms="974" status="PASS">
          <reporter-output>
          </reporter-output>
        </test-method> <!-- categoryTest -->
        <test-method signature="prodBuyBtnNotLoginTest()[pri:0, instance:shop.ShopTest@2babf189]" started-at="2022-08-13T01:45:44 EDT" name="prodBuyBtnNotLoginTest" finished-at="2022-08-13T01:45:44 EDT" duration-ms="444" status="PASS">
          <reporter-output>
          </reporter-output>
        </test-method> <!-- prodBuyBtnNotLoginTest -->
        <test-method signature="productListTest()[pri:0, instance:shop.ShopTest@2babf189]" started-at="2022-08-13T01:45:44 EDT" name="productListTest" finished-at="2022-08-13T01:45:48 EDT" duration-ms="3664" status="PASS">
          <reporter-output>
          </reporter-output>
        </test-method> <!-- productListTest -->
        <test-method signature="searchTest()[pri:0, instance:shop.ShopTest@2babf189]" started-at="2022-08-13T01:45:48 EDT" name="searchTest" finished-at="2022-08-13T01:45:48 EDT" duration-ms="363" status="PASS">
          <reporter-output>
          </reporter-output>
        </test-method> <!-- searchTest -->
        <test-method signature="validatePageTitleTest()[pri:0, instance:shop.ShopTest@2babf189]" started-at="2022-08-13T01:45:48 EDT" name="validatePageTitleTest" finished-at="2022-08-13T01:45:48 EDT" duration-ms="169" status="PASS">
          <reporter-output>
          </reporter-output>
        </test-method> <!-- validatePageTitleTest -->
        <test-method is-config="true" signature="close()[pri:0, instance:shop.ShopTest@2babf189]" started-at="2022-08-13T01:46:05 EDT" name="close" finished-at="2022-08-13T01:46:05 EDT" duration-ms="68" status="PASS">
          <reporter-output>
          </reporter-output>
        </test-method> <!-- close -->
      </class> <!-- shop.ShopTest -->
      <class name="login.LoginTest">
        <test-method signature="badLoginTest()[pri:0, instance:login.LoginTest@17b6d426]" started-at="2022-08-13T01:45:48 EDT" name="badLoginTest" finished-at="2022-08-13T01:45:50 EDT" duration-ms="1513" status="PASS">
          <reporter-output>
          </reporter-output>
        </test-method> <!-- badLoginTest -->
        <test-method signature="testEmptyPassword()[pri:0, instance:login.LoginTest@17b6d426]" started-at="2022-08-13T01:45:50 EDT" name="testEmptyPassword" finished-at="2022-08-13T01:45:50 EDT" duration-ms="319" status="PASS">
          <reporter-output>
          </reporter-output>
        </test-method> <!-- testEmptyPassword -->
        <test-method signature="testEmptyUsername()[pri:0, instance:login.LoginTest@17b6d426]" started-at="2022-08-13T01:45:50 EDT" name="testEmptyUsername" finished-at="2022-08-13T01:45:50 EDT" duration-ms="246" status="PASS">
          <reporter-output>
          </reporter-output>
        </test-method> <!-- testEmptyUsername -->
        <test-method signature="validatePageTitleTest()[pri:0, instance:login.LoginTest@17b6d426]" started-at="2022-08-13T01:45:50 EDT" name="validatePageTitleTest" finished-at="2022-08-13T01:45:51 EDT" duration-ms="423" status="PASS">
          <reporter-output>
          </reporter-output>
        </test-method> <!-- validatePageTitleTest -->
        <test-method is-config="true" signature="close()[pri:0, instance:login.LoginTest@17b6d426]" started-at="2022-08-13T01:46:05 EDT" name="close" finished-at="2022-08-13T01:46:05 EDT" duration-ms="66" status="PASS">
          <reporter-output>
          </reporter-output>
        </test-method> <!-- close -->
      </class> <!-- login.LoginTest -->
      <class name="login.RegistrationTest">
        <test-method signature="ExistingUserTest()[pri:0, instance:login.RegistrationTest@17690e14]" started-at="2022-08-13T01:45:51 EDT" name="ExistingUserTest" finished-at="2022-08-13T01:45:55 EDT" duration-ms="3918" status="PASS">
          <reporter-output>
          </reporter-output>
        </test-method> <!-- ExistingUserTest -->
        <test-method signature="InvalidPasswodTest()[pri:0, instance:login.RegistrationTest@17690e14]" started-at="2022-08-13T01:45:55 EDT" name="InvalidPasswodTest" finished-at="2022-08-13T01:45:56 EDT" duration-ms="758" status="PASS">
          <reporter-output>
          </reporter-output>
        </test-method> <!-- InvalidPasswodTest -->
        <test-method signature="ValidRegistrationTest()[pri:0, instance:login.RegistrationTest@17690e14]" started-at="2022-08-13T01:45:56 EDT" name="ValidRegistrationTest" finished-at="2022-08-13T01:46:01 EDT" duration-ms="5848" status="PASS">
          <reporter-output>
          </reporter-output>
        </test-method> <!-- ValidRegistrationTest -->
        <test-method signature="disableBtnTest()[pri:0, instance:login.RegistrationTest@17690e14]" started-at="2022-08-13T01:46:01 EDT" name="disableBtnTest" finished-at="2022-08-13T01:46:02 EDT" duration-ms="563" status="PASS">
          <reporter-output>
          </reporter-output>
        </test-method> <!-- disableBtnTest -->
        <test-method signature="invalidEmailTest()[pri:0, instance:login.RegistrationTest@17690e14]" started-at="2022-08-13T01:46:02 EDT" name="invalidEmailTest" finished-at="2022-08-13T01:46:03 EDT" duration-ms="680" status="PASS">
          <reporter-output>
          </reporter-output>
        </test-method> <!-- invalidEmailTest -->
        <test-method signature="validatePageTitleTest()[pri:0, instance:login.RegistrationTest@17690e14]" started-at="2022-08-13T01:46:03 EDT" name="validatePageTitleTest" finished-at="2022-08-13T01:46:03 EDT" duration-ms="213" status="PASS">
          <reporter-output>
          </reporter-output>
        </test-method> <!-- validatePageTitleTest -->
        <test-method is-config="true" signature="close()[pri:0, instance:login.RegistrationTest@17690e14]" started-at="2022-08-13T01:46:05 EDT" name="close" finished-at="2022-08-13T01:46:05 EDT" duration-ms="73" status="PASS">
          <reporter-output>
          </reporter-output>
        </test-method> <!-- close -->
      </class> <!-- login.RegistrationTest -->
      <class name="admin.AdminEditProductTest">
        <test-method signature="testProductId()[pri:0, instance:admin.AdminEditProductTest@56dfab87]" started-at="2022-08-13T01:46:03 EDT" name="testProductId" finished-at="2022-08-13T01:46:04 EDT" duration-ms="833" status="FAIL">
          <exception class="java.lang.AssertionError">
            <message>
              <![CDATA[expected:<ID> but was:<ID 1>]]>
            </message>
            <full-stacktrace>
              <![CDATA[java.lang.AssertionError: expected:<ID> but was:<ID 1>
at org.testng.AssertJUnit.assertEquals(AssertJUnit.java:115)
at org.testng.AssertJUnit.assertEquals(AssertJUnit.java:125)
at admin.AdminEditProductTest.testProductId(AdminEditProductTest.java:61)
at java.base/jdk.internal.reflect.NativeMethodAccessorImpl.invoke0(Native Method)
at java.base/jdk.internal.reflect.NativeMethodAccessorImpl.invoke(NativeMethodAccessorImpl.java:77)
at java.base/jdk.internal.reflect.DelegatingMethodAccessorImpl.invoke(DelegatingMethodAccessorImpl.java:43)
at java.base/java.lang.reflect.Method.invoke(Method.java:568)
at org.testng.internal.invokers.MethodInvocationHelper.invokeMethod(MethodInvocationHelper.java:139)
at org.testng.internal.invokers.TestInvoker.invokeMethod(TestInvoker.java:677)
at org.testng.internal.invokers.TestInvoker.invokeTestMethod(TestInvoker.java:221)
at org.testng.internal.invokers.MethodRunner.runInSequence(MethodRunner.java:50)
at org.testng.internal.invokers.TestInvoker$MethodInvocationAgent.invoke(TestInvoker.java:962)
at org.testng.internal.invokers.TestInvoker.invokeTestMethods(TestInvoker.java:194)
at org.testng.internal.invokers.TestMethodWorker.invokeTestMethods(TestMethodWorker.java:148)
at org.testng.internal.invokers.TestMethodWorker.run(TestMethodWorker.java:128)
at java.base/java.util.ArrayList.forEach(ArrayList.java:1511)
at org.testng.TestRunner.privateRun(TestRunner.java:806)
at org.testng.TestRunner.run(TestRunner.java:601)
at org.testng.SuiteRunner.runTest(SuiteRunner.java:433)
at org.testng.SuiteRunner.runSequentially(SuiteRunner.java:427)
at org.testng.SuiteRunner.privateRun(SuiteRunner.java:387)
at org.testng.SuiteRunner.run(SuiteRunner.java:330)
at org.testng.SuiteRunnerWorker.runSuite(SuiteRunnerWorker.java:52)
at org.testng.SuiteRunnerWorker.run(SuiteRunnerWorker.java:95)
at org.testng.TestNG.runSuitesSequentially(TestNG.java:1256)
at org.testng.TestNG.runSuitesLocally(TestNG.java:1176)
at org.testng.TestNG.runSuites(TestNG.java:1099)
at org.testng.TestNG.run(TestNG.java:1067)
at org.testng.remote.AbstractRemoteTestNG.run(AbstractRemoteTestNG.java:115)
at org.testng.remote.RemoteTestNG.initAndRun(RemoteTestNG.java:251)
at org.testng.remote.RemoteTestNG.main(RemoteTestNG.java:77)
]]>
            </full-stacktrace>
          </exception> <!-- java.lang.AssertionError -->
          <reporter-output>
          </reporter-output>
        </test-method> <!-- testProductId -->
        <test-method signature="validateFormTest()[pri:0, instance:admin.AdminEditProductTest@56dfab87]" started-at="2022-08-13T01:46:04 EDT" name="validateFormTest" finished-at="2022-08-13T01:46:04 EDT" duration-ms="369" status="PASS">
          <reporter-output>
          </reporter-output>
        </test-method> <!-- validateFormTest -->
        <test-method signature="validatePageTitleTest()[pri:0, instance:admin.AdminEditProductTest@56dfab87]" started-at="2022-08-13T01:46:04 EDT" name="validatePageTitleTest" finished-at="2022-08-13T01:46:04 EDT" duration-ms="207" status="PASS">
          <reporter-output>
          </reporter-output>
        </test-method> <!-- validatePageTitleTest -->
        <test-method signature="validateSuccessMessageTest()[pri:0, instance:admin.AdminEditProductTest@56dfab87]" started-at="2022-08-13T01:46:04 EDT" name="validateSuccessMessageTest" finished-at="2022-08-13T01:46:05 EDT" duration-ms="463" status="PASS">
          <reporter-output>
          </reporter-output>
        </test-method> <!-- validateSuccessMessageTest -->
        <test-method is-config="true" signature="close()[pri:0, instance:admin.AdminEditProductTest@56dfab87]" started-at="2022-08-13T01:46:05 EDT" name="close" finished-at="2022-08-13T01:46:05 EDT" duration-ms="71" status="PASS">
          <reporter-output>
          </reporter-output>
        </test-method> <!-- close -->
      </class> <!-- admin.AdminEditProductTest -->
    </test> <!-- Default test -->
  </suite> <!-- Default suite -->
</testng-results>
